c:\users\arthu\desktop\winter-2025\data-and-algorithm\data-alg\homework\homework\x64\debug\vc143.pdb
c:\users\arthu\desktop\winter-2025\data-and-algorithm\data-alg\homework\homework\x64\debug\vc143.idb
c:\users\arthu\desktop\winter-2025\data-and-algorithm\data-alg\homework\homework\x64\debug\week2.obj
c:\users\arthu\desktop\winter-2025\data-and-algorithm\data-alg\homework\homework\x64\debug\homework.ilk
c:\users\arthu\desktop\winter-2025\data-and-algorithm\data-alg\homework\x64\debug\homework.pdb
c:\users\arthu\desktop\winter-2025\data-and-algorithm\data-alg\homework\homework\x64\debug\homework.tlog\cl.command.1.tlog
c:\users\arthu\desktop\winter-2025\data-and-algorithm\data-alg\homework\homework\x64\debug\homework.tlog\cl.items.tlog
c:\users\arthu\desktop\winter-2025\data-and-algorithm\data-alg\homework\homework\x64\debug\homework.tlog\cl.read.1.tlog
c:\users\arthu\desktop\winter-2025\data-and-algorithm\data-alg\homework\homework\x64\debug\homework.tlog\cl.write.1.tlog
c:\users\arthu\desktop\winter-2025\data-and-algorithm\data-alg\homework\homework\x64\debug\homework.tlog\link.3668-cvtres.read.1.tlog
c:\users\arthu\desktop\winter-2025\data-and-algorithm\data-alg\homework\homework\x64\debug\homework.tlog\link.3668-cvtres.write.1.tlog
c:\users\arthu\desktop\winter-2025\data-and-algorithm\data-alg\homework\homework\x64\debug\homework.tlog\link.3668-rc.read.1.tlog
c:\users\arthu\desktop\winter-2025\data-and-algorithm\data-alg\homework\homework\x64\debug\homework.tlog\link.3668-rc.write.1.tlog
c:\users\arthu\desktop\winter-2025\data-and-algorithm\data-alg\homework\homework\x64\debug\homework.tlog\link.3668.read.1.tlog
c:\users\arthu\desktop\winter-2025\data-and-algorithm\data-alg\homework\homework\x64\debug\homework.tlog\link.3668.read.2.tlog
c:\users\arthu\desktop\winter-2025\data-and-algorithm\data-alg\homework\homework\x64\debug\homework.tlog\link.3668.read.3.tlog
c:\users\arthu\desktop\winter-2025\data-and-algorithm\data-alg\homework\homework\x64\debug\homework.tlog\link.3668.read.4.tlog
c:\users\arthu\desktop\winter-2025\data-and-algorithm\data-alg\homework\homework\x64\debug\homework.tlog\link.3668.read.5.tlog
c:\users\arthu\desktop\winter-2025\data-and-algorithm\data-alg\homework\homework\x64\debug\homework.tlog\link.3668.read.6.tlog
c:\users\arthu\desktop\winter-2025\data-and-algorithm\data-alg\homework\homework\x64\debug\homework.tlog\link.3668.write.1.tlog
c:\users\arthu\desktop\winter-2025\data-and-algorithm\data-alg\homework\homework\x64\debug\homework.tlog\link.command.1.tlog
c:\users\arthu\desktop\winter-2025\data-and-algorithm\data-alg\homework\homework\x64\debug\homework.tlog\link.read.1.tlog
c:\users\arthu\desktop\winter-2025\data-and-algorithm\data-alg\homework\homework\x64\debug\homework.tlog\link.secondary.1.tlog
c:\users\arthu\desktop\winter-2025\data-and-algorithm\data-alg\homework\homework\x64\debug\homework.tlog\link.write.1.tlog
